{
  "0 debug pnpm:scope": {
    "selected": 1
  },
  "1 error pnpm": {
    "code": "ELIFECYCLE",
    "errno": "ENOENT",
    "syscall": "spawn",
    "file": "sh",
    "pkgid": "brayanbot-dev@0.0.0",
    "stage": "dev",
    "script": "HTTPS=true SSL_CRT_FILE=localhost.pem SSL_KEY_FILE=localhost-key.pem yarn start",
    "pkgname": "brayanbot-dev",
    "err": {
      "name": "pnpm",
      "message": "brayanbot-dev@0.0.0 dev: `HTTPS=true SSL_CRT_FILE=localhost.pem SSL_KEY_FILE=localhost-key.pem yarn start`\nspawn ENOENT",
      "code": "ELIFECYCLE",
      "stack": "pnpm: brayanbot-dev@0.0.0 dev: `HTTPS=true SSL_CRT_FILE=localhost.pem SSL_KEY_FILE=localhost-key.pem yarn start`\nspawn ENOENT\n    at ChildProcess.<anonymous> (/home/notashelf/.local/share/pnpm/global/5/.pnpm/pnpm@7.1.6/node_modules/pnpm/dist/pnpm.cjs:93511:22)\n    at ChildProcess.emit (node:events:527:28)\n    at maybeClose (node:internal/child_process:1090:16)\n    at ChildProcess._handle.onexit (node:internal/child_process:302:5)"
    }
  },
  "2 warn pnpm:global": " Local package.json exists, but node_modules missing, did you mean to install?"
}